<?xml version="1.0" encoding="UTF-8"?>
<!-- Generated by org.testng.reporters.JUnitXMLReporter -->
<testsuite ignored="5" hostname="LTIN305602" failures="0" tests="3" name="groupingtest" time="0.074" errors="0" timestamp="2024-07-17T20:37:47 IST">
  <testcase classname="testngsamples.LoginTest" name="loginByEmail" time="0.01"/>
  <testcase classname="testngsamples.LoginTest" name="loginByFb" time="0.002"/>
  <testcase classname="testngsamples.LoginTest" name="loginByTwitter" time="0.001"/>
  <testcase classname="testngsamples.SignupTest" name="SignupFb" time="0.0">
    <ignored/>
  </testcase> <!-- SignupFb -->
  <testcase classname="testngsamples.Paymenttest" name="paymentindollar" time="0.0">
    <ignored/>
  </testcase> <!-- paymentindollar -->
  <testcase classname="testngsamples.SignupTest" name="SignupEmail" time="0.0">
    <ignored/>
  </testcase> <!-- SignupEmail -->
  <testcase classname="testngsamples.SignupTest" name="SignupTwitter" time="0.0">
    <ignored/>
  </testcase> <!-- SignupTwitter -->
  <testcase classname="testngsamples.Paymenttest" name="paymentinrupees" time="0.0">
    <ignored/>
  </testcase> <!-- paymentinrupees -->
</testsuite> <!-- groupingtest -->
